{"/Users/seojunyoo/Desktop/project3/react-preview-extension/app/components/Shared/ColorInput.tsx": {"path":"/Users/seojunyoo/Desktop/project3/react-preview-extension/app/components/Shared/ColorInput.tsx","statementMap":{"0":{"start":{"line":11,"column":35},"end":{"line":11,"column":48}},"1":{"start":{"line":13,"column":19},"end":{"line":26,"column":1}},"2":{"start":{"line":14,"column":2},"end":{"line":25,"column":4}},"3":{"start":{"line":28,"column":14},"end":{"line":32,"column":1}}},"fnMap":{"0":{"name":"(anonymous_0)","decl":{"start":{"line":13,"column":19},"end":{"line":13,"column":20}},"loc":{"start":{"line":13,"column":67},"end":{"line":26,"column":1}},"line":13}},"branchMap":{},"s":{"0":1,"1":1,"2":3,"3":1},"f":{"0":3},"b":{},"_coverageSchema":"1a1c01bbd47fc00a2c39e90264f33305004495a9","hash":"6088f3d65231f53dc67605744f596a7629db23c8"}
}
